
----------------------------------------
Usuario que ejecuta el script: cristianinbits
Fecha y hora de ejecución: vie 15 mar 2024 00:13:05 CET
Versión de Bash: 5.1.16(1)-release
----------------------------------------

el usuario cristianinbits está conectado actualmente


las últimas 5 conexiones REMOTAS son:
---------------------------------------

las últimas 5 conexiones LOCALES son:
-------------------------------------------

cristianinbits pertenece a los siguientes grupos : adm,cdrom,sudo,dip,plugdev,lpadmin,lxd,cristianinbits,sambashare

Espacio ocupado por la carpeta de cristianinbits (/home/cristianinbits): 1,5G

Contiene 275 ficheros mayores de 1MB en la carpeta /home/cristianinbits

----------------------------------------
Usuario que ejecuta el script: cristianinbits
Fecha y hora de ejecución: vie 15 mar 2024 11:20:43 CET
Versión de Bash: 5.1.16(1)-release
----------------------------------------

Error: Opción no vállida. Use --help para obtener ayuda.

----------------------------------------
Usuario que ejecuta el script: cristianinbits
Fecha y hora de ejecución: vie 15 mar 2024 11:21:03 CET
Versión de Bash: 5.1.16(1)-release
----------------------------------------

El usuario cris no existe en el sistema

----------------------------------------
Usuario que ejecuta el script: cristianinbits
Fecha y hora de ejecución: vie 15 mar 2024 11:21:09 CET
Versión de Bash: 5.1.16(1)-release
----------------------------------------

el usuario cristianinbits está conectado actualmente


las últimas 5 conexiones REMOTAS son:
---------------------------------------

las últimas 5 conexiones LOCALES son:
-------------------------------------------

cristianinbits pertenece a los siguientes grupos : adm,cdrom,sudo,dip,plugdev,lpadmin,lxd,cristianinbits,sambashare

Espacio ocupado por la carpeta de cristianinbits (/home/cristianinbits): 1,5G

Contiene 275 ficheros mayores de 1MB en la carpeta /home/cristianinbits

----------------------------------------
Usuario que ejecuta el script: cristianinbits
Fecha y hora de ejecución: vie 15 mar 2024 11:22:05 CET
Versión de Bash: 5.1.16(1)-release
----------------------------------------

El usuario cristianinbit no existe en el sistema

----------------------------------------
Usuario que ejecuta el script: cristianinbits
Fecha y hora de ejecución: vie 15 mar 2024 11:22:35 CET
Versión de Bash: 5.1.16(1)-release
----------------------------------------

El usuario cristianinbit no existe en el sistema

----------------------------------------
Usuario que ejecuta el script: cristianinbits
Fecha y hora de ejecución: vie 15 mar 2024 11:22:37 CET
Versión de Bash: 5.1.16(1)-release
----------------------------------------

el usuario cristianinbits está conectado actualmente


las últimas 5 conexiones REMOTAS son:
---------------------------------------

las últimas 5 conexiones LOCALES son:
-------------------------------------------

cristianinbits pertenece a los siguientes grupos : adm,cdrom,sudo,dip,plugdev,lpadmin,lxd,cristianinbits,sambashare

Espacio ocupado por la carpeta de cristianinbits (/home/cristianinbits): 1,5G

Contiene 275 ficheros mayores de 1MB en la carpeta /home/cristianinbits

----------------------------------------
Usuario que ejecuta el script: cristianinbits
Fecha y hora de ejecución: vie 15 mar 2024 11:25:46 CET
Versión de Bash: 5.1.16(1)-release
----------------------------------------

el usuario cristianinbits está conectado actualmente

las últimas 5 conexiones REMOTAS son:
---------------------------------------

las últimas 5 conexiones LOCALES son:
-------------------------------------------

cristianinbits pertenece a los siguientes grupos : adm,cdrom,sudo,dip,plugdev,lpadmin,lxd,cristianinbits,sambashare

Espacio ocupado por la carpeta de cristianinbits (/home/cristianinbits): 1,5G\n
Contiene 275 ficheros mayores de 1MB en la carpeta /home/cristianinbits

----------------------------------------
Usuario que ejecuta el script: cristianinbits
Fecha y hora de ejecución: vie 15 mar 2024 11:26:22 CET
Versión de Bash: 5.1.16(1)-release
----------------------------------------

el usuario cristianinbits está conectado actualmente

las últimas 5 conexiones REMOTAS son:
---------------------------------------

las últimas 5 conexiones LOCALES son:
-------------------------------------------

cristianinbits pertenece a los siguientes grupos : adm,cdrom,sudo,dip,plugdev,lpadmin,lxd,cristianinbits,sambashare

Espacio ocupado por la carpeta de cristianinbits (/home/cristianinbits): 1,5G

Contiene 275 ficheros mayores de 1MB en la carpeta /home/cristianinbits
-----------------------------------------------------
Usuario que ejecuta el script: cristianinbits
Fecha y hora de ejecución: vie 15 mar 2024 11:27:09 CET
Versión de Bash: 5.1.16(1)-release
-----------------------------------------------------

el usuario cristianinbits está conectado actualmente

las últimas 5 conexiones REMOTAS son:
---------------------------------------

las últimas 5 conexiones LOCALES son:
-------------------------------------------

cristianinbits pertenece a los siguientes grupos : adm,cdrom,sudo,dip,plugdev,lpadmin,lxd,cristianinbits,sambashare

Espacio ocupado por la carpeta de cristianinbits (/home/cristianinbits): 1,5G

Contiene 275 ficheros mayores de 1MB en la carpeta /home/cristianinbits
------------------------------------------------------------
Usuario que ejecuta el script: cristianinbits
Fecha y hora de ejecución: vie 15 mar 2024 11:27:33 CET
Versión de Bash: 5.1.16(1)-release
---------------------------------------------------------

el usuario cristianinbits está conectado actualmente

las últimas 5 conexiones REMOTAS son:
---------------------------------------

las últimas 5 conexiones LOCALES son:
-------------------------------------------

cristianinbits pertenece a los siguientes grupos : adm,cdrom,sudo,dip,plugdev,lpadmin,lxd,cristianinbits,sambashare

Espacio ocupado por la carpeta de cristianinbits (/home/cristianinbits): 1,5G

Contiene 275 ficheros mayores de 1MB en la carpeta /home/cristianinbits
------------------------------------------------------------
Usuario que ejecuta el script: cristianinbits
Fecha y hora de ejecución: vie 15 mar 2024 11:27:45 CET
Versión de Bash: 5.1.16(1)-release
------------------------------------------------------------

el usuario cristianinbits está conectado actualmente

las últimas 5 conexiones REMOTAS son:
---------------------------------------

las últimas 5 conexiones LOCALES son:
-------------------------------------------

cristianinbits pertenece a los siguientes grupos : adm,cdrom,sudo,dip,plugdev,lpadmin,lxd,cristianinbits,sambashare

Espacio ocupado por la carpeta de cristianinbits (/home/cristianinbits): 1,5G

Contiene 275 ficheros mayores de 1MB en la carpeta /home/cristianinbits
------------------------------------------------------------
Usuario que ejecuta el script: cristianinbits
Fecha y hora de ejecución: vie 15 mar 2024 11:28:21 CET
Versión de Bash: 5.1.16(1)-release
------------------------------------------------------------

El usuario cristianinbit no existe en el sistema
------------------------------------------------------------
Usuario que ejecuta el script: cristianinbits
Fecha y hora de ejecución: vie 15 mar 2024 11:28:29 CET
Versión de Bash: 5.1.16(1)-release
------------------------------------------------------------

Error: Se debe proporcionar el nombre del usuario para el parámetro -u
------------------------------------------------------------
Usuario que ejecuta el script: cristianinbits
Fecha y hora de ejecución: vie 15 mar 2024 11:29:33 CET
Versión de Bash: 5.1.16(1)-release
------------------------------------------------------------

Error: Se debe proporcionar el nombre del grupo para el parámetro -g
------------------------------------------------------------
Usuario que ejecuta el script: cristianinbits
Fecha y hora de ejecución: vie 15 mar 2024 11:34:12 CET
Versión de Bash: 5.1.16(1)-release
------------------------------------------------------------

info_user.sh [-u usuario]|[-g grupo]|[--login]|[--help]
	-u usuario	Mostrar información sobre el usuario especificado
	-g grupo	Mostrar usuarios asociados al grupo especificado
	--login 	Mostrar los 5 últimos usuarios que han accedido al sistema
	--help 		Mostrar ayuda
------------------------------------------------------------
Usuario que ejecuta el script: cristianinbits
Fecha y hora de ejecución: vie 15 mar 2024 11:34:27 CET
Versión de Bash: 5.1.16(1)-release
------------------------------------------------------------


las últimas 5 conexiones REMOTAS son:
-------------------------------------------
Feb 14 20:03:26 carlos 192.168.1.111
Feb 14 20:04:02 maria 192.168.1.111
Feb 14 20:04:22 carlos 192.168.1.111
Feb 14 20:05:12 maria 192.168.1.111
Feb 14 20:05:46 maria 192.168.1.111

las últimas 5 conexiones LOCALES son:
-------------------------------------------
Feb 14 19:57:06 maria(uid=1003)
Feb 14 20:02:37 carlos(uid=1000)
Feb 14 20:04:02 maria(uid=1003)
Feb 14 20:05:13 maria(uid=1003)
Feb 14 20:20:55 carlos(uid=1000)
------------------------------------------------------------
Usuario que ejecuta el script: cristianinbits
Fecha y hora de ejecución: vie 15 mar 2024 11:35:19 CET
Versión de Bash: 5.1.16(1)-release
------------------------------------------------------------

las últimas 5 conexiones REMOTAS son:
-------------------------------------------
Feb 14 20:03:26 carlos 192.168.1.111
Feb 14 20:04:02 maria 192.168.1.111
Feb 14 20:04:22 carlos 192.168.1.111
Feb 14 20:05:12 maria 192.168.1.111
Feb 14 20:05:46 maria 192.168.1.111

las últimas 5 conexiones LOCALES son:
-------------------------------------------
Feb 14 19:57:06 maria(uid=1003)
Feb 14 20:02:37 carlos(uid=1000)
Feb 14 20:04:02 maria(uid=1003)
Feb 14 20:05:13 maria(uid=1003)
Feb 14 20:20:55 carlos(uid=1000)
------------------------------------------------------------
Usuario que ejecuta el script: cristianinbits
Fecha y hora de ejecución: vie 15 mar 2024 11:35:34 CET
Versión de Bash: 5.1.16(1)-release
------------------------------------------------------------

info_user.sh [-u usuario]|[-g grupo]|[--login]|[--help]
	-u usuario	Mostrar información sobre el usuario especificado
	-g grupo	Mostrar usuarios asociados al grupo especificado
	--login 	Mostrar los 5 últimos usuarios que han accedido al sistema
	--help 		Mostrar ayuda
------------------------------------------------------------
Usuario que ejecuta el script: cristianinbits
Fecha y hora de ejecución: vie 15 mar 2024 11:36:51 CET
Versión de Bash: 5.1.16(1)-release
------------------------------------------------------------

info_user.sh [-u usuario]|[-g grupo]|[--login]|[--help]
	-u usuario	Mostrar información sobre el usuario especificado
	-g grupo	Mostrar usuarios asociados al grupo especificado
	--login 	Mostrar los 5 últimos usuarios que han accedido al sistema
	--help 		Mostrar ayuda
------------------------------------------------------------
Usuario que ejecuta el script: cristianinbits
Fecha y hora de ejecución: vie 15 mar 2024 11:36:58 CET
Versión de Bash: 5.1.16(1)-release
------------------------------------------------------------

La cantidad de parámteros introducidos es excesiva.
Use --help para obtener ayuda.
------------------------------------------------------------
Usuario que ejecuta el script: cristianinbits
Fecha y hora de ejecución: vie 15 mar 2024 11:37:12 CET
Versión de Bash: 5.1.16(1)-release
------------------------------------------------------------

info_user.sh [-u usuario]|[-g grupo]|[--login]|[--help]
	-u usuario	Mostrar información sobre el usuario especificado
	-g grupo	Mostrar usuarios asociados al grupo especificado
	--login 	Mostrar los 5 últimos usuarios que han accedido al sistema
	--help 		Mostrar ayuda
------------------------------------------------------------
Usuario que ejecuta el script: cristianinbits
Fecha y hora de ejecución: vie 15 mar 2024 11:37:17 CET
Versión de Bash: 5.1.16(1)-release
------------------------------------------------------------

------------------------------------------------------------
Usuario que ejecuta el script: cristianinbits
Fecha y hora de ejecución: vie 15 mar 2024 11:37:49 CET
Versión de Bash: 5.1.16(1)-release
------------------------------------------------------------

------------------------------------------------------------
Usuario que ejecuta el script: cristianinbits
Fecha y hora de ejecución: vie 15 mar 2024 11:40:00 CET
Versión de Bash: 5.1.16(1)-release
------------------------------------------------------------

Error: Opción no vállida. Use --help para obtener ayuda.
------------------------------------------------------------
Usuario que ejecuta el script: cristianinbits
Fecha y hora de ejecución: vie 15 mar 2024 11:40:05 CET
Versión de Bash: 5.1.16(1)-release
------------------------------------------------------------

La cantidad de parámteros introducidos es excesiva.
Use --help para obtener ayuda.
------------------------------------------------------------
Usuario que ejecuta el script: cristianinbits
Fecha y hora de ejecución: vie 15 mar 2024 11:40:12 CET
Versión de Bash: 5.1.16(1)-release
------------------------------------------------------------

El usuario adsad no existe en el sistema
------------------------------------------------------------
Usuario que ejecuta el script: cristianinbits
Fecha y hora de ejecución: vie 15 mar 2024 11:40:17 CET
Versión de Bash: 5.1.16(1)-release
------------------------------------------------------------

Error: Opción no vállida. Use --help para obtener ayuda.
------------------------------------------------------------
Usuario que ejecuta el script: cristianinbits
Fecha y hora de ejecución: vie 15 mar 2024 11:40:24 CET
Versión de Bash: 5.1.16(1)-release
------------------------------------------------------------

el usuario maria NO está conectado actualmente

las últimas 5 conexiones REMOTAS son:
---------------------------------------
Feb 12 13:55:40 172.16.124.155
Feb 14 13:28:34 172.16.124.155
Feb 14 20:04:02 192.168.1.111
Feb 14 20:05:12 192.168.1.111
Feb 14 20:05:46 192.168.1.111

las últimas 5 conexiones LOCALES son:
-------------------------------------------
Feb 14 13:34:21
Feb 14 13:34:30
Feb 14 19:57:06
Feb 14 20:04:02
Feb 14 20:05:13

maria pertenece a los siguientes grupos : grupo2,maria

Espacio ocupado por la carpeta de maria (/home/maria): 4,0K

Contiene 0 ficheros mayores de 1MB en la carpeta /home/maria
------------------------------------------------------------
Usuario que ejecuta el script: cristianinbits
Fecha y hora de ejecución: vie 15 mar 2024 11:43:06 CET
Versión de Bash: 5.1.16(1)-release
------------------------------------------------------------

el usuario maria NO está conectado actualmente

las últimas 5 conexiones REMOTAS son:
---------------------------------------
Feb 12 13:55:40 172.16.124.155
Feb 14 13:28:34 172.16.124.155
Feb 14 20:04:02 192.168.1.111
Feb 14 20:05:12 192.168.1.111
Feb 14 20:05:46 192.168.1.111

las últimas 5 conexiones LOCALES son:
-------------------------------------------
Feb 14 13:34:21
Feb 14 13:34:30
Feb 14 19:57:06
Feb 14 20:04:02
Feb 14 20:05:13

maria pertenece a los siguientes grupos : grupo2,maria

0
Espacio ocupado por la carpeta de maria (/home/maria): 4,0K

Contiene 0 ficheros mayores de 1MB en la carpeta /home/maria
------------------------------------------------------------
Usuario que ejecuta el script: cristianinbits
Fecha y hora de ejecución: vie 15 mar 2024 11:43:54 CET
Versión de Bash: 5.1.16(1)-release
------------------------------------------------------------

el usuario maria NO está conectado actualmente

las últimas 5 conexiones REMOTAS son:
---------------------------------------
Feb 12 13:55:40 172.16.124.155
Feb 14 13:28:34 172.16.124.155
Feb 14 20:04:02 192.168.1.111
Feb 14 20:05:12 192.168.1.111
Feb 14 20:05:46 192.168.1.111

las últimas 5 conexiones LOCALES son:
-------------------------------------------
Feb 14 13:34:21
Feb 14 13:34:30
Feb 14 19:57:06
Feb 14 20:04:02
Feb 14 20:05:13

maria pertenece a los siguientes grupos : grupo2,maria

>>> 0
Espacio ocupado por la carpeta de maria (/home/maria): 4,0K

Contiene 0 ficheros mayores de 1MB en la carpeta /home/maria
>>> 0
------------------------------------------------------------
Usuario que ejecuta el script: cristianinbits
Fecha y hora de ejecución: vie 15 mar 2024 11:45:11 CET
Versión de Bash: 5.1.16(1)-release
------------------------------------------------------------

el usuario maria NO está conectado actualmente

las últimas 5 conexiones REMOTAS son:
---------------------------------------
Feb 12 13:55:40 172.16.124.155
Feb 14 13:28:34 172.16.124.155
Feb 14 20:04:02 192.168.1.111
Feb 14 20:05:12 192.168.1.111
Feb 14 20:05:46 192.168.1.111

las últimas 5 conexiones LOCALES son:
-------------------------------------------
Feb 14 13:34:21
Feb 14 13:34:30
Feb 14 19:57:06
Feb 14 20:04:02
Feb 14 20:05:13

maria pertenece a los siguientes grupos : grupo2,maria

4,0K
>>> 0
Espacio ocupado por la carpeta de maria (/home/maria): 4,0K

Contiene 0 ficheros mayores de 1MB en la carpeta /home/maria
>>> 0
------------------------------------------------------------
Usuario que ejecuta el script: cristianinbits
Fecha y hora de ejecución: vie 15 mar 2024 11:45:24 CET
Versión de Bash: 5.1.16(1)-release
------------------------------------------------------------

el usuario maria NO está conectado actualmente

las últimas 5 conexiones REMOTAS son:
---------------------------------------
Feb 12 13:55:40 172.16.124.155
Feb 14 13:28:34 172.16.124.155
Feb 14 20:04:02 192.168.1.111
Feb 14 20:05:12 192.168.1.111
Feb 14 20:05:46 192.168.1.111

las últimas 5 conexiones LOCALES son:
-------------------------------------------
Feb 14 13:34:21
Feb 14 13:34:30
Feb 14 19:57:06
Feb 14 20:04:02
Feb 14 20:05:13

maria pertenece a los siguientes grupos : grupo2,maria

4,0K	/home/maria
>>> 1
Espacio ocupado por la carpeta de maria (/home/maria): 4,0K

Contiene 0 ficheros mayores de 1MB en la carpeta /home/maria
>>> 0
------------------------------------------------------------
Usuario que ejecuta el script: cristianinbits
Fecha y hora de ejecución: vie 15 mar 2024 11:48:49 CET
Versión de Bash: 5.1.16(1)-release
------------------------------------------------------------

el usuario maria NO está conectado actualmente

las últimas 5 conexiones REMOTAS son:
---------------------------------------
Feb 12 13:55:40 172.16.124.155
Feb 14 13:28:34 172.16.124.155
Feb 14 20:04:02 192.168.1.111
Feb 14 20:05:12 192.168.1.111
Feb 14 20:05:46 192.168.1.111

las últimas 5 conexiones LOCALES son:
-------------------------------------------
Feb 14 13:34:21
Feb 14 13:34:30
Feb 14 19:57:06
Feb 14 20:04:02
Feb 14 20:05:13

maria pertenece a los siguientes grupos : grupo2,maria

EEEEspacio ocupado por la carpeta de maria  | cut -f1)

Contiene 0 ficheros mayores de 1MB en la carpeta /home/maria
>>> 0
------------------------------------------------------------
Usuario que ejecuta el script: cristianinbits
Fecha y hora de ejecución: vie 15 mar 2024 11:48:55 CET
Versión de Bash: 5.1.16(1)-release
------------------------------------------------------------

el usuario maria NO está conectado actualmente

las últimas 5 conexiones REMOTAS son:
---------------------------------------
Feb 12 13:55:40 172.16.124.155
Feb 14 13:28:34 172.16.124.155
Feb 14 20:04:02 192.168.1.111
Feb 14 20:05:12 192.168.1.111
Feb 14 20:05:46 192.168.1.111

las últimas 5 conexiones LOCALES son:
-------------------------------------------
Feb 14 13:34:21
Feb 14 13:34:30
Feb 14 19:57:06
Feb 14 20:04:02
Feb 14 20:05:13

maria pertenece a los siguientes grupos : grupo2,maria

EEEEspacio ocupado por la carpeta de maria  | cut -f1)

Contiene 0 ficheros mayores de 1MB en la carpeta /home/maria
>>> 0
------------------------------------------------------------
Usuario que ejecuta el script: cristianinbits
Fecha y hora de ejecución: vie 15 mar 2024 11:49:28 CET
Versión de Bash: 5.1.16(1)-release
------------------------------------------------------------

el usuario maria NO está conectado actualmente

las últimas 5 conexiones REMOTAS son:
---------------------------------------
Feb 12 13:55:40 172.16.124.155
Feb 14 13:28:34 172.16.124.155
Feb 14 20:04:02 192.168.1.111
Feb 14 20:05:12 192.168.1.111
Feb 14 20:05:46 192.168.1.111

las últimas 5 conexiones LOCALES son:
-------------------------------------------
Feb 14 13:34:21
Feb 14 13:34:30
Feb 14 19:57:06
Feb 14 20:04:02
Feb 14 20:05:13

maria pertenece a los siguientes grupos : grupo2,maria

EEEEspacio ocupado por la carpeta de maria 

Contiene 0 ficheros mayores de 1MB en la carpeta /home/maria
>>> 0
------------------------------------------------------------
Usuario que ejecuta el script: cristianinbits
Fecha y hora de ejecución: vie 15 mar 2024 11:50:18 CET
Versión de Bash: 5.1.16(1)-release
------------------------------------------------------------

el usuario maria NO está conectado actualmente

las últimas 5 conexiones REMOTAS son:
---------------------------------------
Feb 12 13:55:40 172.16.124.155
Feb 14 13:28:34 172.16.124.155
Feb 14 20:04:02 192.168.1.111
Feb 14 20:05:12 192.168.1.111
Feb 14 20:05:46 192.168.1.111

las últimas 5 conexiones LOCALES son:
-------------------------------------------
Feb 14 13:34:21
Feb 14 13:34:30
Feb 14 19:57:06
Feb 14 20:04:02
Feb 14 20:05:13

maria pertenece a los siguientes grupos : grupo2,maria

EEEEspacio ocupado por la carpeta de maria 

Contiene 0 ficheros mayores de 1MB en la carpeta /home/maria
>>> 0
------------------------------------------------------------
Usuario que ejecuta el script: cristianinbits
Fecha y hora de ejecución: vie 15 mar 2024 11:50:55 CET
Versión de Bash: 5.1.16(1)-release
------------------------------------------------------------

el usuario maria NO está conectado actualmente

las últimas 5 conexiones REMOTAS son:
---------------------------------------
Feb 12 13:55:40 172.16.124.155
Feb 14 13:28:34 172.16.124.155
Feb 14 20:04:02 192.168.1.111
Feb 14 20:05:12 192.168.1.111
Feb 14 20:05:46 192.168.1.111

las últimas 5 conexiones LOCALES son:
-------------------------------------------
Feb 14 13:34:21
Feb 14 13:34:30
Feb 14 19:57:06
Feb 14 20:04:02
Feb 14 20:05:13

maria pertenece a los siguientes grupos : grupo2,maria

4,0K	/home/maria
Contiene 0 ficheros mayores de 1MB en la carpeta /home/maria
>>> 0
------------------------------------------------------------
Usuario que ejecuta el script: cristianinbits
Fecha y hora de ejecución: vie 15 mar 2024 11:52:52 CET
Versión de Bash: 5.1.16(1)-release
------------------------------------------------------------

el usuario maria NO está conectado actualmente

las últimas 5 conexiones REMOTAS son:
---------------------------------------
Feb 12 13:55:40 172.16.124.155
Feb 14 13:28:34 172.16.124.155
Feb 14 20:04:02 192.168.1.111
Feb 14 20:05:12 192.168.1.111
Feb 14 20:05:46 192.168.1.111

las últimas 5 conexiones LOCALES son:
-------------------------------------------
Feb 14 13:34:21
Feb 14 13:34:30
Feb 14 19:57:06
Feb 14 20:04:02
Feb 14 20:05:13

maria pertenece a los siguientes grupos : grupo2,maria

>>>>>>
>>>>>
Contiene 0 ficheros mayores de 1MB en la carpeta /home/maria
------------------------------------------------------------
Usuario que ejecuta el script: cristianinbits
Fecha y hora de ejecución: vie 15 mar 2024 11:53:45 CET
Versión de Bash: 5.1.16(1)-release
------------------------------------------------------------

el usuario maria NO está conectado actualmente

las últimas 5 conexiones REMOTAS son:
---------------------------------------
Feb 12 13:55:40 172.16.124.155
Feb 14 13:28:34 172.16.124.155
Feb 14 20:04:02 192.168.1.111
Feb 14 20:05:12 192.168.1.111
Feb 14 20:05:46 192.168.1.111

las últimas 5 conexiones LOCALES son:
-------------------------------------------
Feb 14 13:34:21
Feb 14 13:34:30
Feb 14 19:57:06
Feb 14 20:04:02
Feb 14 20:05:13

maria pertenece a los siguientes grupos : grupo2,maria

>>>>>>
4,0K
>>>>>
Contiene 0 ficheros mayores de 1MB en la carpeta /home/maria
------------------------------------------------------------
Usuario que ejecuta el script: cristianinbits
Fecha y hora de ejecución: vie 15 mar 2024 11:56:46 CET
Versión de Bash: 5.1.16(1)-release
------------------------------------------------------------

el usuario cristianinbits está conectado actualmente

las últimas 5 conexiones REMOTAS son:
---------------------------------------

las últimas 5 conexiones LOCALES son:
-------------------------------------------

cristianinbits pertenece a los siguientes grupos : adm,cdrom,sudo,dip,plugdev,lpadmin,lxd,cristianinbits,sambashare

Espacio ocupado por la carpeta de cristianinbits (/home/cristianinbits): 1,5G	/home/cristianinbits
Contiene 275 ficheros mayores de 1MB en la carpeta /home/cristianinbits
------------------------------------------------------------
Usuario que ejecuta el script: cristianinbits
Fecha y hora de ejecución: vie 15 mar 2024 12:17:34 CET
Versión de Bash: 5.1.16(1)-release
------------------------------------------------------------

el usuario cristianinbits está conectado actualmente

las últimas 5 conexiones REMOTAS son:
---------------------------------------

las últimas 5 conexiones LOCALES son:
-------------------------------------------

cristianinbits pertenece a los siguientes grupos : adm,cdrom,sudo,dip,plugdev,lpadmin,lxd,cristianinbits,sambashare

Espacio ocupado por la carpeta de cristianinbits (/home/cristianinbits):
Contiene 274 ficheros mayores de 1MB en la carpeta /home/cristianinbits
------------------------------------------------------------
Usuario que ejecuta el script: cristianinbits
Fecha y hora de ejecución: vie 15 mar 2024 12:20:15 CET
Versión de Bash: 5.1.16(1)-release
------------------------------------------------------------

el usuario cristianinbits está conectado actualmente

las últimas 5 conexiones REMOTAS son:
---------------------------------------

las últimas 5 conexiones LOCALES son:
-------------------------------------------

cristianinbits pertenece a los siguientes grupos : adm,cdrom,sudo,dip,plugdev,lpadmin,lxd,cristianinbits,sambashare

Espacio ocupado por la carpeta de cristianinbits (/home/cristianinbits): 1,5G	/home/cristianinbits
Contiene 274 ficheros mayores de 1MB en la carpeta /home/cristianinbits
------------------------------------------------------------
Usuario que ejecuta el script: cristianinbits
Fecha y hora de ejecución: vie 15 mar 2024 12:20:56 CET
Versión de Bash: 5.1.16(1)-release
------------------------------------------------------------

el usuario cristianinbits está conectado actualmente

las últimas 5 conexiones REMOTAS son:
---------------------------------------

las últimas 5 conexiones LOCALES son:
-------------------------------------------

cristianinbits pertenece a los siguientes grupos : adm,cdrom,sudo,dip,plugdev,lpadmin,lxd,cristianinbits,sambashare

Espacio ocupado por la carpeta de cristianinbits (/home/cristianinbits):
Contiene 274 ficheros mayores de 1MB en la carpeta /home/cristianinbits
------------------------------------------------------------
Usuario que ejecuta el script: cristianinbits
Fecha y hora de ejecución: vie 15 mar 2024 12:23:40 CET
Versión de Bash: 5.1.16(1)-release
------------------------------------------------------------

el usuario cristianinbits está conectado actualmente

las últimas 5 conexiones REMOTAS son:
---------------------------------------

las últimas 5 conexiones LOCALES son:
-------------------------------------------

cristianinbits pertenece a los siguientes grupos : adm,cdrom,sudo,dip,plugdev,lpadmin,lxd,cristianinbits,sambashare

Espacio ocupado por la carpeta de cristianinbits (/home/cristianinbits): 1,5G
Contiene 274 ficheros mayores de 1MB en la carpeta /home/cristianinbits
------------------------------------------------------------
Usuario que ejecuta el script: cristianinbits
Fecha y hora de ejecución: vie 15 mar 2024 12:25:58 CET
Versión de Bash: 5.1.16(1)-release
------------------------------------------------------------

el usuario cristianinbits está conectado actualmente

las últimas 5 conexiones REMOTAS son:
---------------------------------------

las últimas 5 conexiones LOCALES son:
-------------------------------------------

cristianinbits pertenece a los siguientes grupos : adm,cdrom,sudo,dip,plugdev,lpadmin,lxd,cristianinbits,sambashare

Espacio ocupado por la carpeta de cristianinbits (/home/cristianinbits): 1,5G
Contiene 274 ficheros mayores de 1MB en la carpeta /home/cristianinbits
------------------------------------------------------------
Usuario que ejecuta el script: cristianinbits
Fecha y hora de ejecución: vie 15 mar 2024 12:26:05 CET
Versión de Bash: 5.1.16(1)-release
------------------------------------------------------------

el usuario maria NO está conectado actualmente

las últimas 5 conexiones REMOTAS son:
---------------------------------------
Feb 12 13:55:40 172.16.124.155
Feb 14 13:28:34 172.16.124.155
Feb 14 20:04:02 192.168.1.111
Feb 14 20:05:12 192.168.1.111
Feb 14 20:05:46 192.168.1.111

las últimas 5 conexiones LOCALES son:
-------------------------------------------
Feb 14 13:34:21
Feb 14 13:34:30
Feb 14 19:57:06
Feb 14 20:04:02
Feb 14 20:05:13

maria pertenece a los siguientes grupos : grupo2,maria

Error: Permiso Denegado. No se puede leer el contenido del directorio.
------------------------------------------------------------
Usuario que ejecuta el script: cristianinbits
Fecha y hora de ejecución: vie 15 mar 2024 12:26:30 CET
Versión de Bash: 5.1.16(1)-release
------------------------------------------------------------

el usuario maria NO está conectado actualmente

las últimas 5 conexiones REMOTAS son:
---------------------------------------
Feb 12 13:55:40 172.16.124.155
Feb 14 13:28:34 172.16.124.155
Feb 14 20:04:02 192.168.1.111
Feb 14 20:05:12 192.168.1.111
Feb 14 20:05:46 192.168.1.111

las últimas 5 conexiones LOCALES son:
-------------------------------------------
Feb 14 13:34:21
Feb 14 13:34:30
Feb 14 19:57:06
Feb 14 20:04:02
Feb 14 20:05:13

maria pertenece a los siguientes grupos : grupo2,maria

Error: Permiso Denegado. No se puede leer el contenido del directorio.
------------------------------------------------------------
Usuario que ejecuta el script: cristianinbits
Fecha y hora de ejecución: vie 15 mar 2024 12:27:27 CET
Versión de Bash: 5.1.16(1)-release
------------------------------------------------------------

el usuario cristianinbits está conectado actualmente

las últimas 5 conexiones REMOTAS son:
---------------------------------------

las últimas 5 conexiones LOCALES son:
-------------------------------------------

cristianinbits pertenece a los siguientes grupos : adm,cdrom,sudo,dip,plugdev,lpadmin,lxd,cristianinbits,sambashare

Espacio ocupado por la carpeta de cristianinbits (/home/cristianinbits): 1,5G

Contiene 274 ficheros mayores de 1MB en la carpeta /home/cristianinbits
------------------------------------------------------------
Usuario que ejecuta el script: cristianinbits
Fecha y hora de ejecución: vie 15 mar 2024 12:29:40 CET
Versión de Bash: 5.1.16(1)-release
------------------------------------------------------------

el usuario maria NO está conectado actualmente

las últimas 5 conexiones REMOTAS son:
---------------------------------------
Feb 12 13:55:40 172.16.124.155
Feb 14 13:28:34 172.16.124.155
Feb 14 20:04:02 192.168.1.111
Feb 14 20:05:12 192.168.1.111
Feb 14 20:05:46 192.168.1.111

las últimas 5 conexiones LOCALES son:
-------------------------------------------
Feb 14 13:34:21
Feb 14 13:34:30
Feb 14 19:57:06
Feb 14 20:04:02
Feb 14 20:05:13

maria pertenece a los siguientes grupos : grupo2,maria

Error: Permiso Denegado. No se puede leer el contenido del directorio.
------------------------------------------------------------
Usuario que ejecuta el script: cristianinbits
Fecha y hora de ejecución: vie 15 mar 2024 12:30:23 CET
Versión de Bash: 5.1.16(1)-release
------------------------------------------------------------

el usuario maria NO está conectado actualmente

las últimas 5 conexiones REMOTAS son:
---------------------------------------
Feb 12 13:55:40 172.16.124.155
Feb 14 13:28:34 172.16.124.155
Feb 14 20:04:02 192.168.1.111
Feb 14 20:05:12 192.168.1.111
Feb 14 20:05:46 192.168.1.111

las últimas 5 conexiones LOCALES son:
-------------------------------------------
Feb 14 13:34:21
Feb 14 13:34:30
Feb 14 19:57:06
Feb 14 20:04:02
Feb 14 20:05:13

maria pertenece a los siguientes grupos : grupo2,maria

Error: Permiso Denegado. No se puede leer el contenido del directorio.
------------------------------------------------------------
Usuario que ejecuta el script: cristianinbits
Fecha y hora de ejecución: vie 15 mar 2024 12:31:01 CET
Versión de Bash: 5.1.16(1)-release
------------------------------------------------------------

el usuario maria NO está conectado actualmente

las últimas 5 conexiones REMOTAS son:
---------------------------------------
Feb 12 13:55:40 172.16.124.155
Feb 14 13:28:34 172.16.124.155
Feb 14 20:04:02 192.168.1.111
Feb 14 20:05:12 192.168.1.111
Feb 14 20:05:46 192.168.1.111

las últimas 5 conexiones LOCALES son:
-------------------------------------------
Feb 14 13:34:21
Feb 14 13:34:30
Feb 14 19:57:06
Feb 14 20:04:02
Feb 14 20:05:13

maria pertenece a los siguientes grupos : grupo2,maria

Error: Permiso Denegado. No se puede leer el contenido del directorio.
------------------------------------------------------------
Usuario que ejecuta el script: cristianinbits
Fecha y hora de ejecución: vie 15 mar 2024 12:31:09 CET
Versión de Bash: 5.1.16(1)-release
------------------------------------------------------------

el usuario maria NO está conectado actualmente

las últimas 5 conexiones REMOTAS son:
---------------------------------------
Feb 12 13:55:40 172.16.124.155
Feb 14 13:28:34 172.16.124.155
Feb 14 20:04:02 192.168.1.111
Feb 14 20:05:12 192.168.1.111
Feb 14 20:05:46 192.168.1.111

las últimas 5 conexiones LOCALES son:
-------------------------------------------
Feb 14 13:34:21
Feb 14 13:34:30
Feb 14 19:57:06
Feb 14 20:04:02
Feb 14 20:05:13

maria pertenece a los siguientes grupos : grupo2,maria

Error: Permiso Denegado. No se puede leer el contenido del directorio.
------------------------------------------------------------
Usuario que ejecuta el script: cristianinbits
Fecha y hora de ejecución: vie 15 mar 2024 12:31:23 CET
Versión de Bash: 5.1.16(1)-release
------------------------------------------------------------

el usuario maria NO está conectado actualmente

las últimas 5 conexiones REMOTAS son:
---------------------------------------
Feb 12 13:55:40 172.16.124.155
Feb 14 13:28:34 172.16.124.155
Feb 14 20:04:02 192.168.1.111
Feb 14 20:05:12 192.168.1.111
Feb 14 20:05:46 192.168.1.111

las últimas 5 conexiones LOCALES son:
-------------------------------------------
Feb 14 13:34:21
Feb 14 13:34:30
Feb 14 19:57:06
Feb 14 20:04:02
Feb 14 20:05:13

maria pertenece a los siguientes grupos : grupo2,maria

Error: Permiso Denegado. No se puede leer el contenido del directorio.
------------------------------------------------------------
Usuario que ejecuta el script: cristianinbits
Fecha y hora de ejecución: vie 15 mar 2024 12:31:46 CET
Versión de Bash: 5.1.16(1)-release
------------------------------------------------------------

el usuario cristianinbits está conectado actualmente

las últimas 5 conexiones REMOTAS son:
---------------------------------------

las últimas 5 conexiones LOCALES son:
-------------------------------------------

cristianinbits pertenece a los siguientes grupos : adm,cdrom,sudo,dip,plugdev,lpadmin,lxd,cristianinbits,sambashare

Espacio ocupado por la carpeta de cristianinbits (/home/cristianinbits): 1,5G

Contiene 274 ficheros mayores de 1MB en la carpeta /home/cristianinbits
------------------------------------------------------------
Usuario que ejecuta el script: cristianinbits
Fecha y hora de ejecución: vie 15 mar 2024 12:32:02 CET
Versión de Bash: 5.1.16(1)-release
------------------------------------------------------------

el usuario cristianinbits está conectado actualmente

las últimas 5 conexiones REMOTAS son:
---------------------------------------

las últimas 5 conexiones LOCALES son:
-------------------------------------------

cristianinbits pertenece a los siguientes grupos : adm,cdrom,sudo,dip,plugdev,lpadmin,lxd,cristianinbits,sambashare

Espacio ocupado por la carpeta de cristianinbits (/home/cristianinbits): 1,5G

Contiene 274 ficheros mayores de 1MB en la carpeta /home/cristianinbits
------------------------------------------------------------
Usuario que ejecuta el script: cristianinbits
Fecha y hora de ejecución: vie 15 mar 2024 12:33:33 CET
Versión de Bash: 5.1.16(1)-release
------------------------------------------------------------

el usuario cristianinbits está conectado actualmente

las últimas 5 conexiones REMOTAS son:
---------------------------------------

las últimas 5 conexiones LOCALES son:
-------------------------------------------

cristianinbits pertenece a los siguientes grupos : adm,cdrom,sudo,dip,plugdev,lpadmin,lxd,cristianinbits,sambashare

Espacio ocupado por la carpeta de cristianinbits (/home/cristianinbits): 1,5G

Contiene 274 ficheros mayores de 1MB en la carpeta /home/cristianinbits
------------------------------------------------------------
Usuario que ejecuta el script: cristianinbits
Fecha y hora de ejecución: vie 15 mar 2024 12:33:55 CET
Versión de Bash: 5.1.16(1)-release
------------------------------------------------------------

el usuario cristianinbits está conectado actualmente

las últimas 5 conexiones REMOTAS son:
---------------------------------------

las últimas 5 conexiones LOCALES son:
-------------------------------------------

cristianinbits pertenece a los siguientes grupos : adm,cdrom,sudo,dip,plugdev,lpadmin,lxd,cristianinbits,sambashare

Espacio ocupado por la carpeta de cristianinbits (/home/cristianinbits): 1,5G

Contiene 21613 ficheros mayores de 1MB en la carpeta /home/cristianinbits
------------------------------------------------------------
Usuario que ejecuta el script: cristianinbits
Fecha y hora de ejecución: vie 15 mar 2024 12:36:43 CET
Versión de Bash: 5.1.16(1)-release
------------------------------------------------------------

el usuario cristianinbits está conectado actualmente

las últimas 5 conexiones REMOTAS son:
---------------------------------------

las últimas 5 conexiones LOCALES son:
-------------------------------------------

cristianinbits pertenece a los siguientes grupos : adm,cdrom,sudo,dip,plugdev,lpadmin,lxd,cristianinbits,sambashare

Espacio ocupado por la carpeta de cristianinbits (/home/cristianinbits): 1,5G

Contiene 274 ficheros mayores de 1MB en la carpeta /home/cristianinbits
------------------------------------------------------------
Usuario que ejecuta el script: cristianinbits
Fecha y hora de ejecución: vie 15 mar 2024 12:38:11 CET
Versión de Bash: 5.1.16(1)-release
------------------------------------------------------------

el usuario cristianinbits está conectado actualmente

las últimas 5 conexiones REMOTAS son:
---------------------------------------

las últimas 5 conexiones LOCALES son:
-------------------------------------------

cristianinbits pertenece a los siguientes grupos : adm,cdrom,sudo,dip,plugdev,lpadmin,lxd,cristianinbits,sambashare

Espacio ocupado por la carpeta de cristianinbits (/home/cristianinbits): 1,5G

Contiene 274 ficheros mayores de 1MB en la carpeta /home/cristianinbits
------------------------------------------------------------
Usuario que ejecuta el script: cristianinbits
Fecha y hora de ejecución: vie 15 mar 2024 12:38:14 CET
Versión de Bash: 5.1.16(1)-release
------------------------------------------------------------

La cantidad de parámteros introducidos es excesiva.
Use --help para obtener ayuda.
------------------------------------------------------------
Usuario que ejecuta el script: cristianinbits
Fecha y hora de ejecución: vie 15 mar 2024 12:38:24 CET
Versión de Bash: 5.1.16(1)-release
------------------------------------------------------------

info_user.sh [-u usuario]|[-g grupo]|[--login]|[--help]
	-u usuario	Mostrar información sobre el usuario especificado
	-g grupo	Mostrar usuarios asociados al grupo especificado
	--login 	Mostrar los 5 últimos usuarios que han accedido al sistema
	--help 		Mostrar ayuda
